2021-12-08 19:05:23 | [INFO]    | Discordia 2.9.1
2021-12-08 19:05:23 | [INFO]    | Connecting to Discord...
2021-12-08 19:05:24 | [INFO]    | Authenticated as Devin Bot#7575
2021-12-08 19:05:24 | [INFO]    | Launching shard 0 (1 out of 1)...
2021-12-08 19:05:24 | [INFO]    | Shard 0 : Connected to wss://gateway.discord.gg
2021-12-08 19:05:24 | [INFO]    | Shard 0 : Received HELLO
2021-12-08 19:05:24 | [INFO]    | Shard 0 : Received READY
2021-12-08 19:06:57 | [INFO]    | Discordia 2.9.1
2021-12-08 19:06:57 | [INFO]    | Connecting to Discord...
2021-12-08 19:06:57 | [INFO]    | Authenticated as Devin Bot#7575
2021-12-08 19:06:57 | [INFO]    | Launching shard 0 (1 out of 1)...
2021-12-08 19:06:57 | [INFO]    | Shard 0 : Connected to wss://gateway.discord.gg
2021-12-08 19:06:57 | [INFO]    | Shard 0 : Received HELLO
2021-12-08 19:06:57 | [INFO]    | Shard 0 : Received READY
2021-12-08 19:09:21 | [INFO]    | Discordia 2.9.1
2021-12-08 19:09:21 | [INFO]    | Connecting to Discord...
2021-12-08 19:09:21 | [INFO]    | Authenticated as Devin Bot#7575
2021-12-08 19:09:21 | [INFO]    | Launching shard 0 (1 out of 1)...
2021-12-08 19:09:21 | [INFO]    | Shard 0 : Connected to wss://gateway.discord.gg
2021-12-08 19:09:21 | [INFO]    | Shard 0 : Received HELLO
2021-12-08 19:09:21 | [INFO]    | Shard 0 : Received READY
2021-12-08 19:09:51 | [INFO]    | Discordia 2.9.1
2021-12-08 19:09:51 | [INFO]    | Connecting to Discord...
2021-12-08 19:09:51 | [INFO]    | Authenticated as Devin Bot#7575
2021-12-08 19:09:51 | [INFO]    | Launching shard 0 (1 out of 1)...
2021-12-08 19:09:52 | [INFO]    | Shard 0 : Connected to wss://gateway.discord.gg
2021-12-08 19:09:52 | [INFO]    | Shard 0 : Received HELLO
2021-12-08 19:09:52 | [INFO]    | Shard 0 : Received READY
2021-12-08 19:11:00 | [INFO]    | Discordia 2.9.1
2021-12-08 19:11:00 | [INFO]    | Connecting to Discord...
2021-12-08 19:11:01 | [INFO]    | Authenticated as Devin Bot#7575
2021-12-08 19:11:01 | [INFO]    | Launching shard 0 (1 out of 1)...
2021-12-08 19:11:01 | [INFO]    | Shard 0 : Connected to wss://gateway.discord.gg
2021-12-08 19:11:01 | [INFO]    | Shard 0 : Received HELLO
2021-12-08 19:11:01 | [INFO]    | Shard 0 : Received READY
2021-12-08 19:11:34 | [INFO]    | Discordia 2.9.1
2021-12-08 19:11:34 | [INFO]    | Connecting to Discord...
2021-12-08 19:11:34 | [INFO]    | Authenticated as Devin Bot#7575
2021-12-08 19:11:34 | [INFO]    | Launching shard 0 (1 out of 1)...
2021-12-08 19:11:34 | [INFO]    | Shard 0 : Connected to wss://gateway.discord.gg
2021-12-08 19:11:34 | [INFO]    | Shard 0 : Received HELLO
2021-12-08 19:11:34 | [INFO]    | Shard 0 : Received READY
2021-12-08 19:12:57 | [INFO]    | Discordia 2.9.1
2021-12-08 19:12:57 | [INFO]    | Connecting to Discord...
2021-12-08 19:12:57 | [INFO]    | Authenticated as Devin Bot#7575
2021-12-08 19:12:57 | [INFO]    | Launching shard 0 (1 out of 1)...
2021-12-08 19:12:58 | [INFO]    | Shard 0 : Connected to wss://gateway.discord.gg
2021-12-08 19:12:58 | [INFO]    | Shard 0 : Received HELLO
2021-12-08 19:12:58 | [INFO]    | Shard 0 : Received READY
2021-12-08 19:13:41 | [INFO]    | Discordia 2.9.1
2021-12-08 19:13:41 | [INFO]    | Connecting to Discord...
2021-12-08 19:13:41 | [INFO]    | Authenticated as Devin Bot#7575
2021-12-08 19:13:41 | [INFO]    | Launching shard 0 (1 out of 1)...
2021-12-08 19:13:41 | [INFO]    | Shard 0 : Connected to wss://gateway.discord.gg
2021-12-08 19:13:41 | [INFO]    | Shard 0 : Received HELLO
2021-12-08 19:13:41 | [INFO]    | Shard 0 : Received READY
2021-12-08 19:13:57 | [INFO]    | Discordia 2.9.1
2021-12-08 19:13:57 | [INFO]    | Connecting to Discord...
2021-12-08 19:13:57 | [INFO]    | Authenticated as Devin Bot#7575
2021-12-08 19:13:57 | [INFO]    | Launching shard 0 (1 out of 1)...
2021-12-08 19:13:58 | [INFO]    | Shard 0 : Connected to wss://gateway.discord.gg
2021-12-08 19:13:58 | [INFO]    | Shard 0 : Received HELLO
2021-12-08 19:13:58 | [INFO]    | Shard 0 : Received READY
